# JRE version: OpenJDK Runtime Environment Temurin-17.0.16+8 (17.0.16+8) (build 17.0.16+8)
# Java VM: OpenJDK 64-Bit Server VM Temurin-17.0.16+8 (17.0.16+8, mixed mode, sharing, tiered, compressed oops, compressed class ptrs, g1 gc, windows-amd64)
GC Precious Log:
 CPUs: 2 total, 2 available
 Memory: 3918M
 Large Page Support: Disabled
 NUMA Support: Disabled
 Compressed Oops: Enabled (Zero based)
 Heap Region Size: 2M
 Heap Min Capacity: 8M
 Heap Initial Capacity: 62M
 Heap Max Capacity: 4G
 Pre-touch: Disabled
 Parallel Workers: 2
 Concurrent Workers: 1
 Concurrent Refinement Workers: 2
 Periodic GC: Disabled
Heap:
 garbage-first heap   total 223232K, used 117248K [0x0000000700000000, 0x0000000800000000)
  region size 2048K, 1 young (2048K), 1 survivors (2048K)
 Metaspace       used 63118K, committed 63680K, reserved 917504K
  class space    used 8432K, committed 8704K, reserved 851968K
GC Heap History (20 events):
Event: 433.361 GC heap after
{Heap after GC invocations=55 (full 0):
 garbage-first heap   total 151552K, used 72333K [0x0000000700000000, 0x0000000800000000)
  region size 2048K, 4 young (8192K), 4 survivors (8192K)
 Metaspace       used 61989K, committed 62528K, reserved 917504K
  class space    used 8338K, committed 8640K, reserved 851968K
}
Event: 437.535 GC heap before
{Heap before GC invocations=55 (full 0):
 garbage-first heap   total 151552K, used 121485K [0x0000000700000000, 0x0000000800000000)
  region size 2048K, 28 young (57344K), 4 survivors (8192K)
 Metaspace       used 62079K, committed 62720K, reserved 917504K
  class space    used 8338K, committed 8640K, reserved 851968K
}
Event: 437.594 GC heap after
{Heap after GC invocations=56 (full 0):
 garbage-first heap   total 151552K, used 72976K [0x0000000700000000, 0x0000000800000000)
  region size 2048K, 3 young (6144K), 3 survivors (6144K)
 Metaspace       used 62079K, committed 62720K, reserved 917504K
  class space    used 8338K, committed 8640K, reserved 851968K
}
Event: 442.632 GC heap before
{Heap before GC invocations=56 (full 0):
 garbage-first heap   total 151552K, used 122128K [0x0000000700000000, 0x0000000800000000)
  region size 2048K, 28 young (57344K), 3 survivors (6144K)
 Metaspace       used 62134K, committed 62720K, reserved 917504K
  class space    used 8338K, committed 8640K, reserved 851968K
}
Event: 442.652 GC heap after
{Heap after GC invocations=57 (full 0):
 garbage-first heap   total 223232K, used 75242K [0x0000000700000000, 0x0000000800000000)
  region size 2048K, 3 young (6144K), 3 survivors (6144K)
 Metaspace       used 62134K, committed 62720K, reserved 917504K
  class space    used 8338K, committed 8640K, reserved 851968K
}
Event: 488.505 GC heap before
{Heap before GC invocations=57 (full 0):
 garbage-first heap   total 223232K, used 173546K [0x0000000700000000, 0x0000000800000000)
  region size 2048K, 52 young (106496K), 3 survivors (6144K)
 Metaspace       used 62433K, committed 63040K, reserved 917504K
  class space    used 8369K, committed 8640K, reserved 851968K
}
Event: 488.730 GC heap after
{Heap after GC invocations=58 (full 0):
 garbage-first heap   total 223232K, used 93928K [0x0000000700000000, 0x0000000800000000)
  region size 2048K, 7 young (14336K), 7 survivors (14336K)
 Metaspace       used 62433K, committed 63040K, reserved 917504K
  class space    used 8369K, committed 8640K, reserved 851968K
}
Event: 500.276 GC heap before
{Heap before GC invocations=58 (full 0):
 garbage-first heap   total 223232K, used 145128K [0x0000000700000000, 0x0000000800000000)
  region size 2048K, 33 young (67584K), 7 survivors (14336K)
 Metaspace       used 62466K, committed 63040K, reserved 917504K
  class space    used 8373K, committed 8640K, reserved 851968K
}
Event: 501.896 GC heap after
{Heap after GC invocations=59 (full 0):
 garbage-first heap   total 223232K, used 119528K [0x0000000700000000, 0x0000000800000000)
  region size 2048K, 5 young (10240K), 5 survivors (10240K)
 Metaspace       used 62466K, committed 63040K, reserved 917504K
  class space    used 8373K, committed 8640K, reserved 851968K
}
Event: 505.905 GC heap before
{Heap before GC invocations=59 (full 0):
 garbage-first heap   total 223232K, used 121576K [0x0000000700000000, 0x0000000800000000)
  region size 2048K, 6 young (12288K), 5 survivors (10240K)
 Metaspace       used 62488K, committed 63040K, reserved 917504K
  class space    used 8373K, committed 8640K, reserved 851968K
}
Event: 506.294 GC heap after
{Heap after GC invocations=60 (full 0):
 garbage-first heap   total 223232K, used 121856K [0x0000000700000000, 0x0000000800000000)
  region size 2048K, 1 young (2048K), 1 survivors (2048K)
 Metaspace       used 62488K, committed 63040K, reserved 917504K
  class space    used 8373K, committed 8640K, reserved 851968K
}
Event: 507.306 GC heap before
{Heap before GC invocations=60 (full 0):
 garbage-first heap   total 223232K, used 130048K [0x0000000700000000, 0x0000000800000000)
  region size 2048K, 5 young (10240K), 1 survivors (2048K)
 Metaspace       used 62517K, committed 63104K, reserved 917504K
  class space    used 8376K, committed 8640K, reserved 851968K
}
Event: 507.324 GC heap after
{Heap after GC invocations=61 (full 0):
 garbage-first heap   total 223232K, used 121264K [0x0000000700000000, 0x0000000800000000)
  region size 2048K, 1 young (2048K), 1 survivors (2048K)
 Metaspace       used 62517K, committed 63104K, reserved 917504K
  class space    used 8376K, committed 8640K, reserved 851968K
}
Event: 508.097 GC heap before
{Heap before GC invocations=61 (full 0):
 garbage-first heap   total 223232K, used 127408K [0x0000000700000000, 0x0000000800000000)
  region size 2048K, 5 young (10240K), 1 survivors (2048K)
 Metaspace       used 62520K, committed 63104K, reserved 917504K
  class space    used 8376K, committed 8640K, reserved 851968K
}
Event: 508.117 GC heap after
{Heap after GC invocations=62 (full 0):
 garbage-first heap   total 223232K, used 123542K [0x0000000700000000, 0x0000000800000000)
  region size 2048K, 1 young (2048K), 1 survivors (2048K)
 Metaspace       used 62520K, committed 63104K, reserved 917504K
  class space    used 8376K, committed 8640K, reserved 851968K
}
Event: 530.045 GC heap before
{Heap before GC invocations=63 (full 0):
 garbage-first heap   total 223232K, used 133782K [0x0000000700000000, 0x0000000800000000)
  region size 2048K, 5 young (10240K), 1 survivors (2048K)
 Metaspace       used 62998K, committed 63552K, reserved 917504K
  class space    used 8429K, committed 8704K, reserved 851968K
}
Event: 530.070 GC heap after
{Heap after GC invocations=64 (full 0):
 garbage-first heap   total 223232K, used 127179K [0x0000000700000000, 0x0000000800000000)
  region size 2048K, 1 young (2048K), 1 survivors (2048K)
 Metaspace       used 62998K, committed 63552K, reserved 917504K
  class space    used 8429K, committed 8704K, reserved 851968K
}
Event: 530.882 GC heap before
{Heap before GC invocations=64 (full 0):
 garbage-first heap   total 223232K, used 135371K [0x0000000700000000, 0x0000000800000000)
  region size 2048K, 5 young (10240K), 1 survivors (2048K)
 Metaspace       used 63073K, committed 63680K, reserved 917504K
  class space    used 8432K, committed 8704K, reserved 851968K
}
Event: 532.123 GC heap after
{Heap after GC invocations=65 (full 0):
 garbage-first heap   total 223232K, used 117380K [0x0000000700000000, 0x0000000800000000)
  region size 2048K, 1 young (2048K), 1 survivors (2048K)
 Metaspace       used 63073K, committed 63680K, reserved 917504K
  class space    used 8432K, committed 8704K, reserved 851968K
}
Event: 532.518 GC heap before
{Heap before GC invocations=65 (full 0):
 garbage-first heap   total 223232K, used 125572K [0x0000000700000000, 0x0000000800000000)
  region size 2048K, 5 young (10240K), 1 survivors (2048K)
 Metaspace       used 63118K, committed 63680K, reserved 917504K
  class space    used 8432K, committed 8704K, reserved 851968K
}

